# JRE version: OpenJDK Runtime Environment (8.0_202-b03) (build 1.8.0_202-release-1483-b03)
# Java VM: OpenJDK 64-Bit Server VM (25.202-b03 mixed mode windows-amd64 compressed oops)
Heap:
 PSYoungGen      total 262144K, used 235931K [0x00000000e0000000, 0x00000000f2c00000, 0x0000000100000000)
  eden space 235520K, 93% used [0x00000000e0000000,0x00000000ed733628,0x00000000ee600000)
  from space 26624K, 58% used [0x00000000f1200000,0x00000000f2133770,0x00000000f2c00000)
  to   space 35840K, 0% used [0x00000000ee600000,0x00000000ee600000,0x00000000f0900000)
 ParOldGen       total 153088K, used 77472K [0x00000000a0000000, 0x00000000a9580000, 0x00000000e0000000)
  object space 153088K, 50% used [0x00000000a0000000,0x00000000a4ba82d8,0x00000000a9580000)
 Metaspace       used 75652K, capacity 78368K, committed 78424K, reserved 1118208K
  class space    used 9758K, capacity 10341K, committed 10368K, reserved 1048576K
GC Heap History (10 events):
Event: 1911.215 GC heap before
{Heap before GC invocations=16 (full 3):
 PSYoungGen      total 181248K, used 167424K [0x00000000e0000000, 0x00000000ec480000, 0x0000000100000000)
  eden space 167424K, 100% used [0x00000000e0000000,0x00000000ea380000,0x00000000ea380000)
  from space 13824K, 0% used [0x00000000eb700000,0x00000000eb700000,0x00000000ec480000)
  to   space 16896K, 0% used [0x00000000ea380000,0x00000000ea380000,0x00000000eb400000)
 ParOldGen       total 84992K, used 29933K [0x00000000a0000000, 0x00000000a5300000, 0x00000000e0000000)
  object space 84992K, 35% used [0x00000000a0000000,0x00000000a1d3b708,0x00000000a5300000)
 Metaspace       used 62802K, capacity 64588K, committed 64728K, reserved 1105920K
  class space    used 8241K, capacity 8653K, committed 8704K, reserved 1048576K
Event: 1911.274 GC heap after
Heap after GC invocations=16 (full 3):
 PSYoungGen      total 184320K, used 16893K [0x00000000e0000000, 0x00000000eef00000, 0x0000000100000000)
  eden space 167424K, 0% used [0x00000000e0000000,0x00000000e0000000,0x00000000ea380000)
  from space 16896K, 99% used [0x00000000ea380000,0x00000000eb3ff600,0x00000000eb400000)
  to   space 20992K, 0% used [0x00000000eda80000,0x00000000eda80000,0x00000000eef00000)
 ParOldGen       total 84992K, used 33963K [0x00000000a0000000, 0x00000000a5300000, 0x00000000e0000000)
  object space 84992K, 39% used [0x00000000a0000000,0x00000000a212acf8,0x00000000a5300000)
 Metaspace       used 62802K, capacity 64588K, committed 64728K, reserved 1105920K
  class space    used 8241K, capacity 8653K, committed 8704K, reserved 1048576K
}
Event: 1915.772 GC heap before
{Heap before GC invocations=17 (full 3):
 PSYoungGen      total 184320K, used 184317K [0x00000000e0000000, 0x00000000eef00000, 0x0000000100000000)
  eden space 167424K, 100% used [0x00000000e0000000,0x00000000ea380000,0x00000000ea380000)
  from space 16896K, 99% used [0x00000000ea380000,0x00000000eb3ff600,0x00000000eb400000)
  to   space 20992K, 0% used [0x00000000eda80000,0x00000000eda80000,0x00000000eef00000)
 ParOldGen       total 84992K, used 33963K [0x00000000a0000000, 0x00000000a5300000, 0x00000000e0000000)
  object space 84992K, 39% used [0x00000000a0000000,0x00000000a212acf8,0x00000000a5300000)
 Metaspace       used 71543K, capacity 73854K, committed 74072K, reserved 1114112K
  class space    used 9352K, capacity 9846K, committed 9856K, reserved 1048576K
Event: 1915.890 GC heap after
Heap after GC invocations=17 (full 3):
 PSYoungGen      total 206848K, used 20980K [0x00000000e0000000, 0x00000000f1800000, 0x0000000100000000)
  eden space 185856K, 0% used [0x00000000e0000000,0x00000000e0000000,0x00000000eb580000)
  from space 20992K, 99% used [0x00000000eda80000,0x00000000eeefd2e0,0x00000000eef00000)
  to   space 37888K, 0% used [0x00000000eb580000,0x00000000eb580000,0x00000000eda80000)
 ParOldGen       total 84992K, used 71598K [0x00000000a0000000, 0x00000000a5300000, 0x00000000e0000000)
  object space 84992K, 84% used [0x00000000a0000000,0x00000000a45eb930,0x00000000a5300000)
 Metaspace       used 71543K, capacity 73854K, committed 74072K, reserved 1114112K
  class space    used 9352K, capacity 9846K, committed 9856K, reserved 1048576K
}
Event: 1915.890 GC heap before
{Heap before GC invocations=18 (full 4):
 PSYoungGen      total 206848K, used 20980K [0x00000000e0000000, 0x00000000f1800000, 0x0000000100000000)
  eden space 185856K, 0% used [0x00000000e0000000,0x00000000e0000000,0x00000000eb580000)
  from space 20992K, 99% used [0x00000000eda80000,0x00000000eeefd2e0,0x00000000eef00000)
  to   space 37888K, 0% used [0x00000000eb580000,0x00000000eb580000,0x00000000eda80000)
 ParOldGen       total 84992K, used 71598K [0x00000000a0000000, 0x00000000a5300000, 0x00000000e0000000)
  object space 84992K, 84% used [0x00000000a0000000,0x00000000a45eb930,0x00000000a5300000)
 Metaspace       used 71543K, capacity 73854K, committed 74072K, reserved 1114112K
  class space    used 9352K, capacity 9846K, committed 9856K, reserved 1048576K
Event: 1916.422 GC heap after
Heap after GC invocations=18 (full 4):
 PSYoungGen      total 206848K, used 0K [0x00000000e0000000, 0x00000000f1800000, 0x0000000100000000)
  eden space 185856K, 0% used [0x00000000e0000000,0x00000000e0000000,0x00000000eb580000)
  from space 20992K, 0% used [0x00000000eda80000,0x00000000eda80000,0x00000000eef00000)
  to   space 37888K, 0% used [0x00000000eb580000,0x00000000eb580000,0x00000000eda80000)
 ParOldGen       total 153088K, used 70055K [0x00000000a0000000, 0x00000000a9580000, 0x00000000e0000000)
  object space 153088K, 45% used [0x00000000a0000000,0x00000000a4469e38,0x00000000a9580000)
 Metaspace       used 71163K, capacity 73202K, committed 74072K, reserved 1114112K
  class space    used 9282K, capacity 9718K, committed 9856K, reserved 1048576K
}
Event: 1919.318 GC heap before
{Heap before GC invocations=19 (full 4):
 PSYoungGen      total 206848K, used 185750K [0x00000000e0000000, 0x00000000f1800000, 0x0000000100000000)
  eden space 185856K, 99% used [0x00000000e0000000,0x00000000eb5658a0,0x00000000eb580000)
  from space 20992K, 0% used [0x00000000eda80000,0x00000000eda80000,0x00000000eef00000)
  to   space 37888K, 0% used [0x00000000eb580000,0x00000000eb580000,0x00000000eda80000)
 ParOldGen       total 153088K, used 70055K [0x00000000a0000000, 0x00000000a9580000, 0x00000000e0000000)
  object space 153088K, 45% used [0x00000000a0000000,0x00000000a4469e38,0x00000000a9580000)
 Metaspace       used 73210K, capacity 75438K, committed 75864K, reserved 1116160K
  class space    used 9500K, capacity 9974K, committed 10112K, reserved 1048576K
Event: 1919.376 GC heap after
Heap after GC invocations=19 (full 4):
 PSYoungGen      total 223744K, used 19051K [0x00000000e0000000, 0x00000000f3680000, 0x0000000100000000)
  eden space 185856K, 0% used [0x00000000e0000000,0x00000000e0000000,0x00000000eb580000)
  from space 37888K, 50% used [0x00000000eb580000,0x00000000ec81ac48,0x00000000eda80000)
  to   space 37376K, 0% used [0x00000000f1200000,0x00000000f1200000,0x00000000f3680000)
 ParOldGen       total 153088K, used 70063K [0x00000000a0000000, 0x00000000a9580000, 0x00000000e0000000)
  object space 153088K, 45% used [0x00000000a0000000,0x00000000a446be38,0x00000000a9580000)
 Metaspace       used 73210K, capacity 75438K, committed 75864K, reserved 1116160K
  class space    used 9500K, capacity 9974K, committed 10112K, reserved 1048576K
}
Event: 2176.949 GC heap before
{Heap before GC invocations=20 (full 4):
 PSYoungGen      total 223744K, used 202011K [0x00000000e0000000, 0x00000000f3680000, 0x0000000100000000)
  eden space 185856K, 98% used [0x00000000e0000000,0x00000000eb2ac148,0x00000000eb580000)
  from space 37888K, 50% used [0x00000000eb580000,0x00000000ec81ac48,0x00000000eda80000)
  to   space 37376K, 0% used [0x00000000f1200000,0x00000000f1200000,0x00000000f3680000)
 ParOldGen       total 153088K, used 70063K [0x00000000a0000000, 0x00000000a9580000, 0x00000000e0000000)
  object space 153088K, 45% used [0x00000000a0000000,0x00000000a446be38,0x00000000a9580000)
 Metaspace       used 75290K, capacity 77930K, committed 78168K, reserved 1118208K
  class space    used 9754K, capacity 10334K, committed 10368K, reserved 1048576K
Event: 2176.991 GC heap after
Heap after GC invocations=20 (full 4):
 PSYoungGen      total 262144K, used 15565K [0x00000000e0000000, 0x00000000f2c00000, 0x0000000100000000)
  eden space 235520K, 0% used [0x00000000e0000000,0x00000000e0000000,0x00000000ee600000)
  from space 26624K, 58% used [0x00000000f1200000,0x00000000f2133770,0x00000000f2c00000)
  to   space 35840K, 0% used [0x00000000ee600000,0x00000000ee600000,0x00000000f0900000)
 ParOldGen       total 153088K, used 77472K [0x00000000a0000000, 0x00000000a9580000, 0x00000000e0000000)
  object space 153088K, 50% used [0x00000000a0000000,0x00000000a4ba82d8,0x00000000a9580000)
 Metaspace       used 75290K, capacity 77930K, committed 78168K, reserved 1118208K
  class space    used 9754K, capacity 10334K, committed 10368K, reserved 1048576K
}

